No bp log location saved, using default.
[000:000] Cpu: 6.23.10, x2, 2300Mhz, 3920MB
[000:000] Computer model: Not available
[000:000] Browser XEmbed support present: 1
[000:000] Browser toolkit is Gtk2.
[000:000] Using Gtk2 toolkit
No bp log location saved, using default.
[000:000] Cpu: 6.23.10, x2, 2300Mhz, 3920MB
[000:000] Computer model: Not available
[000:002] Warning(optionsfile.cc:47): Load: Could not open file, err=2
[000:002] No bp log location saved, using default.
[000:002] Cpu: 6.23.10, x2, 2300Mhz, 3920MB
[000:002] Computer model: Not available
[000:002] Browser XEmbed support present: 1
[000:002] Browser toolkit is Gtk2.
[000:002] Using Gtk2 toolkit
[000:001] Warning(optionsfile.cc:47): Load: Could not open file, err=2
[000:001] No bp log location saved, using default.
[000:002] Cpu: 6.23.10, x2, 2300Mhz, 3920MB
[000:002] Computer model: Not available
Nouvelle fenêtre ouverte dans la session du navigateur
Nouvelle fenêtre ouverte dans la session du navigateur
Nouvelle fenêtre ouverte dans la session du navigateur
Nouvelle fenêtre ouverte dans la session du navigateur
Nouvelle fenêtre ouverte dans la session du navigateur
Nouvelle fenêtre ouverte dans la session du navigateur
